<?xml version="1.0" encoding="UTF-8"?>
<!-- Generated by org.testng.reporters.JUnitReportReporter -->
<testsuite skipped="0" hostname="Mona" name="com.nopcommerce.testCases.TC_LoginTest_001" tests="1" failures="0" timestamp="21 Apr 2020 16:54:55 GMT" time="6.190" errors="0">
  <testcase name="loginTest" time="6.190" classname="com.nopcommerce.testCases.TC_LoginTest_001"/>
</testsuite> <!-- com.nopcommerce.testCases.TC_LoginTest_001 -->
