<?xml version="1.0" encoding="UTF-8"?>
<!-- Generated by org.testng.reporters.JUnitReportReporter -->
<testsuite skipped="0" hostname="Mona" name="com.nopcommerce.testCases.TC_LoginDDT_002" tests="4" failures="0" timestamp="21 Apr 2020 16:54:55 GMT" time="31.170" errors="0">
  <testcase name="logintest" time="6.720" classname="com.nopcommerce.testCases.TC_LoginDDT_002"/>
  <testcase name="logintest" time="6.205" classname="com.nopcommerce.testCases.TC_LoginDDT_002"/>
  <testcase name="logintest" time="11.432" classname="com.nopcommerce.testCases.TC_LoginDDT_002"/>
  <testcase name="logintest" time="6.813" classname="com.nopcommerce.testCases.TC_LoginDDT_002"/>
</testsuite> <!-- com.nopcommerce.testCases.TC_LoginDDT_002 -->
