<?xml version="1.0" encoding="UTF-8"?>
<!-- Generated by org.testng.reporters.JUnitReportReporter -->
<testsuite hostname="Mona" failures="0" tests="1" name="com.nopcommerce.testCases.TC_LoginTest_001" time="5.691" errors="0" timestamp="21 Apr 2020 19:14:30 GMT" skipped="0">
  <testcase classname="com.nopcommerce.testCases.TC_LoginTest_001" name="loginTest" time="5.691"/>
</testsuite> <!-- com.nopcommerce.testCases.TC_LoginTest_001 -->
